<?xml version="1.0" encoding="UTF-8"?>
<!-- Generated by org.testng.reporters.JUnitXMLReporter -->
<testsuite ignored="0" hostname="LTIN333296" failures="1" tests="1" name="Test" time="76.654" errors="0" timestamp="2024-12-13T19:13:49 IST">
  <testcase classname="testCases.TC001_AccountRegistrationTest" name="testAccountCreation" time="68.271">
    <failure type="java.lang.AssertionError" message="Confirmation message mismatch expected [Your Account Has Been Created] but found [Your Account Has Been Created!]">
      <![CDATA[java.lang.AssertionError: Confirmation message mismatch expected [Your Account Has Been Created] but found [Your Account Has Been Created!]
at testCases.TC001_AccountRegistrationTest.testAccountCreation(TC001_AccountRegistrationTest.java:35)
at java.base/java.util.ArrayList.forEach(ArrayList.java:1596)
... Removed 30 stack frames]]>
    </failure>
  </testcase> <!-- testAccountCreation -->
</testsuite> <!-- Test -->
